2019-08-19 16:02:32.154  INFO 8408 --- [main] capstone.p2plend.P2pLendApplication      : Starting P2pLendApplication on MinhLNSE62705 with PID 8408 (D:\eclipse\work-space\peer-to-peer-lending-system\Backend\target\classes started by Adler in D:\eclipse\work-space\peer-to-peer-lending-system\Backend)
2019-08-19 16:02:32.159  INFO 8408 --- [main] capstone.p2plend.P2pLendApplication      : No active profile set, falling back to default profiles: default
2019-08-19 16:02:37.378  INFO 8408 --- [main] .s.d.r.c.RepositoryConfigurationDelegate : Bootstrapping Spring Data repositories in DEFAULT mode.
2019-08-19 16:02:37.573  INFO 8408 --- [main] .s.d.r.c.RepositoryConfigurationDelegate : Finished Spring Data repository scanning in 182ms. Found 10 repository interfaces.
2019-08-19 16:02:38.647  INFO 8408 --- [main] trationDelegate$BeanPostProcessorChecker : Bean 'org.springframework.transaction.annotation.ProxyTransactionManagementConfiguration' of type [org.springframework.transaction.annotation.ProxyTransactionManagementConfiguration$$EnhancerBySpringCGLIB$$6b79d3b4] is not eligible for getting processed by all BeanPostProcessors (for example: not eligible for auto-proxying)
2019-08-19 16:02:38.701  INFO 8408 --- [main] trationDelegate$BeanPostProcessorChecker : Bean 'org.springframework.security.config.annotation.configuration.ObjectPostProcessorConfiguration' of type [org.springframework.security.config.annotation.configuration.ObjectPostProcessorConfiguration$$EnhancerBySpringCGLIB$$4279bee] is not eligible for getting processed by all BeanPostProcessors (for example: not eligible for auto-proxying)
2019-08-19 16:02:38.715  INFO 8408 --- [main] trationDelegate$BeanPostProcessorChecker : Bean 'objectPostProcessor' of type [org.springframework.security.config.annotation.configuration.AutowireBeanFactoryObjectPostProcessor] is not eligible for getting processed by all BeanPostProcessors (for example: not eligible for auto-proxying)
2019-08-19 16:02:38.719  INFO 8408 --- [main] trationDelegate$BeanPostProcessorChecker : Bean 'org.springframework.security.access.expression.method.DefaultMethodSecurityExpressionHandler@5496c165' of type [org.springframework.security.access.expression.method.DefaultMethodSecurityExpressionHandler] is not eligible for getting processed by all BeanPostProcessors (for example: not eligible for auto-proxying)
2019-08-19 16:02:38.724  INFO 8408 --- [main] trationDelegate$BeanPostProcessorChecker : Bean 'org.springframework.security.config.annotation.method.configuration.GlobalMethodSecurityConfiguration' of type [org.springframework.security.config.annotation.method.configuration.GlobalMethodSecurityConfiguration$$EnhancerBySpringCGLIB$$28fc3ea0] is not eligible for getting processed by all BeanPostProcessors (for example: not eligible for auto-proxying)
2019-08-19 16:02:38.737  INFO 8408 --- [main] trationDelegate$BeanPostProcessorChecker : Bean 'org.springframework.security.config.annotation.method.configuration.Jsr250MetadataSourceConfiguration' of type [org.springframework.security.config.annotation.method.configuration.Jsr250MetadataSourceConfiguration$$EnhancerBySpringCGLIB$$4e5156b6] is not eligible for getting processed by all BeanPostProcessors (for example: not eligible for auto-proxying)
2019-08-19 16:02:38.743  INFO 8408 --- [main] trationDelegate$BeanPostProcessorChecker : Bean 'jsr250MethodSecurityMetadataSource' of type [org.springframework.security.access.annotation.Jsr250MethodSecurityMetadataSource] is not eligible for getting processed by all BeanPostProcessors (for example: not eligible for auto-proxying)
2019-08-19 16:02:38.745  INFO 8408 --- [main] trationDelegate$BeanPostProcessorChecker : Bean 'methodSecurityMetadataSource' of type [org.springframework.security.access.method.DelegatingMethodSecurityMetadataSource] is not eligible for getting processed by all BeanPostProcessors (for example: not eligible for auto-proxying)
2019-08-19 16:02:40.658  INFO 8408 --- [main] o.s.b.w.embedded.tomcat.TomcatWebServer  : Tomcat initialized with port(s): 8080 (http)
2019-08-19 16:02:40.765  INFO 8408 --- [main] o.apache.catalina.core.StandardService   : Starting service [Tomcat]
2019-08-19 16:02:40.766  INFO 8408 --- [main] org.apache.catalina.core.StandardEngine  : Starting Servlet engine: [Apache Tomcat/9.0.19]
2019-08-19 16:02:41.132  INFO 8408 --- [main] o.a.c.c.C.[Tomcat].[localhost].[/]       : Initializing Spring embedded WebApplicationContext
2019-08-19 16:02:41.133  INFO 8408 --- [main] o.s.web.context.ContextLoader            : Root WebApplicationContext: initialization completed in 8732 ms
2019-08-19 16:02:41.950  INFO 8408 --- [main] com.zaxxer.hikari.HikariDataSource       : HikariPool-1 - Starting...
2019-08-19 16:02:45.595  INFO 8408 --- [main] com.zaxxer.hikari.HikariDataSource       : HikariPool-1 - Start completed.
2019-08-19 16:02:45.822  INFO 8408 --- [main] o.hibernate.jpa.internal.util.LogHelper  : HHH000204: Processing PersistenceUnitInfo [
	name: default
	...]
2019-08-19 16:02:46.087  INFO 8408 --- [main] org.hibernate.Version                    : HHH000412: Hibernate Core {5.3.10.Final}
2019-08-19 16:02:46.090  INFO 8408 --- [main] org.hibernate.cfg.Environment            : HHH000206: hibernate.properties not found
2019-08-19 16:02:46.568  INFO 8408 --- [main] o.hibernate.annotations.common.Version   : HCANN000001: Hibernate Commons Annotations {5.0.4.Final}
2019-08-19 16:02:47.267  INFO 8408 --- [main] org.hibernate.dialect.Dialect            : HHH000400: Using dialect: org.hibernate.dialect.MySQL8Dialect
2019-08-19 16:02:59.789  INFO 8408 --- [main] j.LocalContainerEntityManagerFactoryBean : Initialized JPA EntityManagerFactory for persistence unit 'default'
2019-08-19 16:03:00.525  INFO 8408 --- [main] o.h.h.i.QueryTranslatorFactoryInitiator  : HHH000397: Using ASTQueryTranslatorFactory
2019-08-19 16:03:03.194  WARN 8408 --- [main] aWebConfiguration$JpaWebMvcConfiguration : spring.jpa.open-in-view is enabled by default. Therefore, database queries may be performed during view rendering. Explicitly configure spring.jpa.open-in-view to disable this warning
2019-08-19 16:03:04.476  INFO 8408 --- [main] o.s.s.web.DefaultSecurityFilterChain     : Creating filter chain: Ant [pattern='/rest/**'], [org.springframework.security.web.context.request.async.WebAsyncManagerIntegrationFilter@14b9df65, org.springframework.security.web.context.SecurityContextPersistenceFilter@22854f2b, org.springframework.security.web.header.HeaderWriterFilter@f6bc75c, org.springframework.security.web.csrf.CsrfFilter@706d2bae, org.springframework.security.web.authentication.logout.LogoutFilter@18f4086e, capstone.p2plend.filter.JwtAuthenticationTokenFilter@73234691, org.springframework.security.web.authentication.www.BasicAuthenticationFilter@7474196, org.springframework.security.web.savedrequest.RequestCacheAwareFilter@5ddf5118, org.springframework.security.web.servletapi.SecurityContextHolderAwareRequestFilter@27d6267e, org.springframework.security.web.authentication.AnonymousAuthenticationFilter@3b046e64, org.springframework.security.web.session.SessionManagementFilter@bea283b, org.springframework.security.web.access.ExceptionTranslationFilter@5b2c7186, org.springframework.security.web.access.intercept.FilterSecurityInterceptor@147059f8]
2019-08-19 16:03:04.602  INFO 8408 --- [main] pertySourcedRequestMappingHandlerMapping : Mapped URL path [/v2/api-docs] onto method [public org.springframework.http.ResponseEntity<springfox.documentation.spring.web.json.Json> springfox.documentation.swagger2.web.Swagger2Controller.getDocumentation(java.lang.String,javax.servlet.http.HttpServletRequest)]
2019-08-19 16:03:05.090  INFO 8408 --- [main] o.s.s.concurrent.ThreadPoolTaskExecutor  : Initializing ExecutorService 'applicationTaskExecutor'
2019-08-19 16:03:05.495  INFO 8408 --- [main] o.s.s.c.ThreadPoolTaskScheduler          : Initializing ExecutorService 'taskScheduler'
2019-08-19 16:03:05.732  INFO 8408 --- [main] d.s.w.p.DocumentationPluginsBootstrapper : Context refreshed
2019-08-19 16:03:06.035  INFO 8408 --- [main] d.s.w.p.DocumentationPluginsBootstrapper : Found 1 custom documentation plugin(s)
2019-08-19 16:03:06.444  INFO 8408 --- [main] s.d.s.w.s.ApiListingReferenceScanner     : Scanning for api listing references
2019-08-19 16:03:07.003  INFO 8408 --- [main] .d.s.w.r.o.CachingOperationNameGenerator : Generating unique operation named: uploadFileUsingPOST_1
2019-08-19 16:03:07.205  INFO 8408 --- [main] .d.s.w.r.o.CachingOperationNameGenerator : Generating unique operation named: getOneUsingGET_1
2019-08-19 16:03:07.384  INFO 8408 --- [main] o.s.b.w.embedded.tomcat.TomcatWebServer  : Tomcat started on port(s): 8080 (http) with context path ''
2019-08-19 16:03:07.388  INFO 8408 --- [main] capstone.p2plend.P2pLendApplication      : Started P2pLendApplication in 36.688 seconds (JVM running for 37.535)
2019-08-19 16:03:07.390  INFO 8408 --- [main] capstone.p2plend.P2pLendApplication      : CALL method POST
2019-08-19 16:04:17.039  INFO 8 --- [main] capstone.p2plend.P2pLendApplication      : Starting P2pLendApplication on MinhLNSE62705 with PID 8 (D:\eclipse\work-space\peer-to-peer-lending-system\Backend\target\classes started by Adler in D:\eclipse\work-space\peer-to-peer-lending-system\Backend)
2019-08-19 16:04:17.043  INFO 8 --- [main] capstone.p2plend.P2pLendApplication      : No active profile set, falling back to default profiles: default
2019-08-19 16:04:20.741  INFO 8 --- [main] .s.d.r.c.RepositoryConfigurationDelegate : Bootstrapping Spring Data repositories in DEFAULT mode.
2019-08-19 16:04:20.887  INFO 8 --- [main] .s.d.r.c.RepositoryConfigurationDelegate : Finished Spring Data repository scanning in 132ms. Found 10 repository interfaces.
2019-08-19 16:04:21.537  INFO 8 --- [main] trationDelegate$BeanPostProcessorChecker : Bean 'org.springframework.transaction.annotation.ProxyTransactionManagementConfiguration' of type [org.springframework.transaction.annotation.ProxyTransactionManagementConfiguration$$EnhancerBySpringCGLIB$$36099e39] is not eligible for getting processed by all BeanPostProcessors (for example: not eligible for auto-proxying)
2019-08-19 16:04:21.608  INFO 8 --- [main] trationDelegate$BeanPostProcessorChecker : Bean 'org.springframework.security.config.annotation.configuration.ObjectPostProcessorConfiguration' of type [org.springframework.security.config.annotation.configuration.ObjectPostProcessorConfiguration$$EnhancerBySpringCGLIB$$ceb76673] is not eligible for getting processed by all BeanPostProcessors (for example: not eligible for auto-proxying)
2019-08-19 16:04:21.617  INFO 8 --- [main] trationDelegate$BeanPostProcessorChecker : Bean 'objectPostProcessor' of type [org.springframework.security.config.annotation.configuration.AutowireBeanFactoryObjectPostProcessor] is not eligible for getting processed by all BeanPostProcessors (for example: not eligible for auto-proxying)
2019-08-19 16:04:21.619  INFO 8 --- [main] trationDelegate$BeanPostProcessorChecker : Bean 'org.springframework.security.access.expression.method.DefaultMethodSecurityExpressionHandler@7c891ba7' of type [org.springframework.security.access.expression.method.DefaultMethodSecurityExpressionHandler] is not eligible for getting processed by all BeanPostProcessors (for example: not eligible for auto-proxying)
2019-08-19 16:04:21.621  INFO 8 --- [main] trationDelegate$BeanPostProcessorChecker : Bean 'org.springframework.security.config.annotation.method.configuration.GlobalMethodSecurityConfiguration' of type [org.springframework.security.config.annotation.method.configuration.GlobalMethodSecurityConfiguration$$EnhancerBySpringCGLIB$$f38c0925] is not eligible for getting processed by all BeanPostProcessors (for example: not eligible for auto-proxying)
2019-08-19 16:04:21.634  INFO 8 --- [main] trationDelegate$BeanPostProcessorChecker : Bean 'org.springframework.security.config.annotation.method.configuration.Jsr250MetadataSourceConfiguration' of type [org.springframework.security.config.annotation.method.configuration.Jsr250MetadataSourceConfiguration$$EnhancerBySpringCGLIB$$18e1213b] is not eligible for getting processed by all BeanPostProcessors (for example: not eligible for auto-proxying)
2019-08-19 16:04:21.640  INFO 8 --- [main] trationDelegate$BeanPostProcessorChecker : Bean 'jsr250MethodSecurityMetadataSource' of type [org.springframework.security.access.annotation.Jsr250MethodSecurityMetadataSource] is not eligible for getting processed by all BeanPostProcessors (for example: not eligible for auto-proxying)
2019-08-19 16:04:21.643  INFO 8 --- [main] trationDelegate$BeanPostProcessorChecker : Bean 'methodSecurityMetadataSource' of type [org.springframework.security.access.method.DelegatingMethodSecurityMetadataSource] is not eligible for getting processed by all BeanPostProcessors (for example: not eligible for auto-proxying)
2019-08-19 16:04:23.188  INFO 8 --- [main] o.s.b.w.embedded.tomcat.TomcatWebServer  : Tomcat initialized with port(s): 8080 (http)
2019-08-19 16:04:23.234  INFO 8 --- [main] o.apache.catalina.core.StandardService   : Starting service [Tomcat]
2019-08-19 16:04:23.235  INFO 8 --- [main] org.apache.catalina.core.StandardEngine  : Starting Servlet engine: [Apache Tomcat/9.0.19]
2019-08-19 16:04:23.544  INFO 8 --- [main] o.a.c.c.C.[Tomcat].[localhost].[/]       : Initializing Spring embedded WebApplicationContext
2019-08-19 16:04:23.544  INFO 8 --- [main] o.s.web.context.ContextLoader            : Root WebApplicationContext: initialization completed in 6411 ms
2019-08-19 16:04:24.132  INFO 8 --- [main] com.zaxxer.hikari.HikariDataSource       : HikariPool-1 - Starting...
2019-08-19 16:04:26.739  INFO 8 --- [main] com.zaxxer.hikari.HikariDataSource       : HikariPool-1 - Start completed.
2019-08-19 16:04:26.826  INFO 8 --- [main] o.hibernate.jpa.internal.util.LogHelper  : HHH000204: Processing PersistenceUnitInfo [
	name: default
	...]
2019-08-19 16:04:26.974  INFO 8 --- [main] org.hibernate.Version                    : HHH000412: Hibernate Core {5.3.10.Final}
2019-08-19 16:04:26.978  INFO 8 --- [main] org.hibernate.cfg.Environment            : HHH000206: hibernate.properties not found
2019-08-19 16:04:27.319  INFO 8 --- [main] o.hibernate.annotations.common.Version   : HCANN000001: Hibernate Commons Annotations {5.0.4.Final}
2019-08-19 16:04:27.768  INFO 8 --- [main] org.hibernate.dialect.Dialect            : HHH000400: Using dialect: org.hibernate.dialect.MySQL8Dialect
2019-08-19 16:04:41.391  INFO 8 --- [main] j.LocalContainerEntityManagerFactoryBean : Initialized JPA EntityManagerFactory for persistence unit 'default'
2019-08-19 16:04:41.884  INFO 8 --- [main] o.h.h.i.QueryTranslatorFactoryInitiator  : HHH000397: Using ASTQueryTranslatorFactory
2019-08-19 16:04:44.230  WARN 8 --- [main] aWebConfiguration$JpaWebMvcConfiguration : spring.jpa.open-in-view is enabled by default. Therefore, database queries may be performed during view rendering. Explicitly configure spring.jpa.open-in-view to disable this warning
2019-08-19 16:04:44.658  INFO 8 --- [main] o.s.s.web.DefaultSecurityFilterChain     : Creating filter chain: Ant [pattern='/rest/**'], [org.springframework.security.web.context.request.async.WebAsyncManagerIntegrationFilter@62ee1c89, org.springframework.security.web.context.SecurityContextPersistenceFilter@5c60f096, org.springframework.security.web.header.HeaderWriterFilter@512dc0e0, org.springframework.security.web.csrf.CsrfFilter@2459333a, org.springframework.security.web.authentication.logout.LogoutFilter@64d53f0d, capstone.p2plend.filter.JwtAuthenticationTokenFilter@4e61a863, org.springframework.security.web.authentication.www.BasicAuthenticationFilter@2573b149, org.springframework.security.web.savedrequest.RequestCacheAwareFilter@53fc870f, org.springframework.security.web.servletapi.SecurityContextHolderAwareRequestFilter@6bd2f039, org.springframework.security.web.authentication.AnonymousAuthenticationFilter@2ab7f649, org.springframework.security.web.session.SessionManagementFilter@75063bd0, org.springframework.security.web.access.ExceptionTranslationFilter@7030b74c, org.springframework.security.web.access.intercept.FilterSecurityInterceptor@3921135e]
2019-08-19 16:04:44.696  INFO 8 --- [main] pertySourcedRequestMappingHandlerMapping : Mapped URL path [/v2/api-docs] onto method [public org.springframework.http.ResponseEntity<springfox.documentation.spring.web.json.Json> springfox.documentation.swagger2.web.Swagger2Controller.getDocumentation(java.lang.String,javax.servlet.http.HttpServletRequest)]
2019-08-19 16:04:45.438  INFO 8 --- [main] o.s.s.concurrent.ThreadPoolTaskExecutor  : Initializing ExecutorService 'applicationTaskExecutor'
2019-08-19 16:04:46.158  INFO 8 --- [main] o.s.s.c.ThreadPoolTaskScheduler          : Initializing ExecutorService 'taskScheduler'
2019-08-19 16:04:46.224  INFO 8 --- [main] d.s.w.p.DocumentationPluginsBootstrapper : Context refreshed
2019-08-19 16:04:46.264  INFO 8 --- [main] d.s.w.p.DocumentationPluginsBootstrapper : Found 1 custom documentation plugin(s)
2019-08-19 16:04:46.306  INFO 8 --- [main] s.d.s.w.s.ApiListingReferenceScanner     : Scanning for api listing references
2019-08-19 16:04:46.715  INFO 8 --- [main] .d.s.w.r.o.CachingOperationNameGenerator : Generating unique operation named: uploadFileUsingPOST_1
2019-08-19 16:04:46.882  INFO 8 --- [main] .d.s.w.r.o.CachingOperationNameGenerator : Generating unique operation named: getOneUsingGET_1
2019-08-19 16:04:46.995  INFO 8 --- [main] o.s.b.w.embedded.tomcat.TomcatWebServer  : Tomcat started on port(s): 8080 (http) with context path ''
2019-08-19 16:04:47.026  INFO 8 --- [main] capstone.p2plend.P2pLendApplication      : Started P2pLendApplication in 30.672 seconds (JVM running for 31.172)
2019-08-19 16:04:47.042  INFO 8 --- [main] capstone.p2plend.P2pLendApplication      : CALL method POST
